This is pdfTeX, Version 3.141592653-2.6-1.40.22 (TeX Live 2022/dev/Debian) (preloaded format=pdflatex 2022.10.5)  7 OCT 2022 11:38
entering extended mode
 restricted \write18 enabled.
 %&-line parsing enabled.
**thesis-ku.tex
(./thesis-ku.tex
LaTeX2e <2021-11-15> patch level 1
L3 programming layer <2022-01-21> (./kuthesis.cls
Document Class: kuthesis 2018/03/31 v2.7 KU thesis class
(/usr/share/texlive/texmf-dist/tex/latex/base/report.cls
Document Class: report 2021/10/04 v1.4n Standard LaTeX document class
(/usr/share/texlive/texmf-dist/tex/latex/base/size12.clo
File: size12.clo 2021/10/04 v1.4n Standard LaTeX file (size option)
)
\c@part=\count185
\c@chapter=\count186
\c@section=\count187
\c@subsection=\count188
\c@subsubsection=\count189
\c@paragraph=\count190
\c@subparagraph=\count191
\c@figure=\count192
\c@table=\count193
\abovecaptionskip=\skip47
\belowcaptionskip=\skip48
\bibindent=\dimen138
)
(/usr/share/texlive/texmf-dist/tex/latex/geometry/geometry.sty
Package: geometry 2020/01/02 v5.9 Page Geometry

(/usr/share/texlive/texmf-dist/tex/latex/graphics/keyval.sty
Package: keyval 2014/10/28 v1.15 key=value parser (DPC)
\KV@toks@=\toks16
)
(/usr/share/texlive/texmf-dist/tex/generic/iftex/ifvtex.sty
Package: ifvtex 2019/10/25 v1.7 ifvtex legacy package. Use iftex instead.

(/usr/share/texlive/texmf-dist/tex/generic/iftex/iftex.sty
Package: iftex 2020/03/06 v1.0d TeX engine tests
))
\Gm@cnth=\count194
\Gm@cntv=\count195
\c@Gm@tempcnt=\count196
\Gm@bindingoffset=\dimen139
\Gm@wd@mp=\dimen140
\Gm@odd@mp=\dimen141
\Gm@even@mp=\dimen142
\Gm@layoutwidth=\dimen143
\Gm@layoutheight=\dimen144
\Gm@layouthoffset=\dimen145
\Gm@layoutvoffset=\dimen146
\Gm@dimlist=\toks17
)
(/usr/share/texlive/texmf-dist/tex/latex/listings/listings.sty
\lst@mode=\count197
\lst@gtempboxa=\box50
\lst@token=\toks18
\lst@length=\count198
\lst@currlwidth=\dimen147
\lst@column=\count199
\lst@pos=\count266
\lst@lostspace=\dimen148
\lst@width=\dimen149
\lst@newlines=\count267
\lst@lineno=\count268
\lst@maxwidth=\dimen150

(/usr/share/texlive/texmf-dist/tex/latex/listings/lstmisc.sty
File: lstmisc.sty 2020/03/24 1.8d (Carsten Heinz)
\c@lstnumber=\count269
\lst@skipnumbers=\count270
\lst@framebox=\box51
)
(/usr/share/texlive/texmf-dist/tex/latex/listings/listings.cfg
File: listings.cfg 2020/03/24 1.8d listings configuration
))
Package: listings 2020/03/24 1.8d (Carsten Heinz)
)
(/usr/share/texlive/texmf-dist/tex/latex/base/fontenc.sty
Package: fontenc 2021/04/29 v2.0v Standard LaTeX package
)
(/usr/share/texlive/texmf-dist/tex/latex/base/inputenc.sty
Package: inputenc 2021/02/14 v1.3d Input encoding file
\inpenc@prehook=\toks19
\inpenc@posthook=\toks20
)
(/usr/share/texlive/texmf-dist/tex/generic/babel/babel.sty
Package: babel 2022/01/26 3.70 The Babel package
\babel@savecnt=\count271
\U@D=\dimen151
\l@unhyphenated=\language87

(/usr/share/texlive/texmf-dist/tex/generic/babel/txtbabel.def)
\bbl@readstream=\read2
\bbl@dirlevel=\count272

(/usr/share/texlive/texmf-dist/tex/generic/babel-english/english.ldf
Language: english 2017/06/06 v3.3r English support from the babel system
Package babel Info: Hyphen rules for 'canadian' set to \l@english
(babel)             (\language0). Reported on input line 102.
Package babel Info: Hyphen rules for 'australian' set to \l@ukenglish
(babel)             (\language76). Reported on input line 105.
Package babel Info: Hyphen rules for 'newzealand' set to \l@ukenglish
(babel)             (\language76). Reported on input line 108.
))
(/usr/share/texlive/texmf-dist/tex/latex/url/url.sty
\Urlmuskip=\muskip16
Package: url 2013/09/16  ver 3.4  Verb mode for urls, etc.
)
(/usr/share/texlive/texmf-dist/tex/latex/graphics/graphicx.sty
Package: graphicx 2021/09/16 v1.2d Enhanced LaTeX Graphics (DPC,SPQR)

(/usr/share/texlive/texmf-dist/tex/latex/graphics/graphics.sty
Package: graphics 2021/03/04 v1.4d Standard LaTeX Graphics (DPC,SPQR)

(/usr/share/texlive/texmf-dist/tex/latex/graphics/trig.sty
Package: trig 2021/08/11 v1.11 sin cos tan (DPC)
)
(/usr/share/texlive/texmf-dist/tex/latex/graphics-cfg/graphics.cfg
File: graphics.cfg 2016/06/04 v1.11 sample graphics configuration
)
Package graphics Info: Driver file: pdftex.def on input line 107.

(/usr/share/texlive/texmf-dist/tex/latex/graphics-def/pdftex.def
File: pdftex.def 2020/10/05 v1.2a Graphics/color driver for pdftex
))
\Gin@req@height=\dimen152
\Gin@req@width=\dimen153
)
(/usr/share/texlive/texmf-dist/tex/latex/setspace/setspace.sty
Package: setspace 2011/12/19 v6.7a set line spacing
)
(/usr/share/texlive/texmf-dist/tex/latex/tools/xspace.sty
Package: xspace 2014/10/28 v1.13 Space after command names (DPC,MH)
)
(/usr/share/texlive/texmf-dist/tex/latex/xcolor/xcolor.sty
Package: xcolor 2021/10/31 v2.13 LaTeX color extensions (UK)

(/usr/share/texlive/texmf-dist/tex/latex/graphics-cfg/color.cfg
File: color.cfg 2016/01/02 v1.6 sample color configuration
)
Package xcolor Info: Driver file: pdftex.def on input line 227.
Package xcolor Info: Model `cmy' substituted by `cmy0' on input line 1352.
Package xcolor Info: Model `hsb' substituted by `rgb' on input line 1356.
Package xcolor Info: Model `RGB' extended on input line 1368.
Package xcolor Info: Model `HTML' substituted by `rgb' on input line 1370.
Package xcolor Info: Model `Hsb' substituted by `hsb' on input line 1371.
Package xcolor Info: Model `tHsb' substituted by `hsb' on input line 1372.
Package xcolor Info: Model `HSB' substituted by `hsb' on input line 1373.
Package xcolor Info: Model `Gray' substituted by `gray' on input line 1374.
Package xcolor Info: Model `wave' substituted by `hsb' on input line 1375.
)
(/usr/share/texlive/texmf-dist/tex/latex/amsfonts/amssymb.sty
Package: amssymb 2013/01/14 v3.01 AMS font symbols

(/usr/share/texlive/texmf-dist/tex/latex/amsfonts/amsfonts.sty
Package: amsfonts 2013/01/14 v3.01 Basic AMSFonts support
\@emptytoks=\toks21
\symAMSa=\mathgroup4
\symAMSb=\mathgroup5
LaTeX Font Info:    Redeclaring math symbol \hbar on input line 98.
LaTeX Font Info:    Overwriting math alphabet `\mathfrak' in version `bold'
(Font)                  U/euf/m/n --> U/euf/b/n on input line 106.
))
(/usr/share/texlive/texmf-dist/tex/latex/amsmath/amsmath.sty
Package: amsmath 2021/10/15 v2.17l AMS math features
\@mathmargin=\skip49

For additional information on amsmath, use the `?' option.
(/usr/share/texlive/texmf-dist/tex/latex/amsmath/amstext.sty
Package: amstext 2021/08/26 v2.01 AMS text

(/usr/share/texlive/texmf-dist/tex/latex/amsmath/amsgen.sty
File: amsgen.sty 1999/11/30 v2.0 generic functions
\@emptytoks=\toks22
\ex@=\dimen154
))
(/usr/share/texlive/texmf-dist/tex/latex/amsmath/amsbsy.sty
Package: amsbsy 1999/11/29 v1.2d Bold Symbols
\pmbraise@=\dimen155
)
(/usr/share/texlive/texmf-dist/tex/latex/amsmath/amsopn.sty
Package: amsopn 2021/08/26 v2.02 operator names
)
\inf@bad=\count273
LaTeX Info: Redefining \frac on input line 234.
\uproot@=\count274
\leftroot@=\count275
LaTeX Info: Redefining \overline on input line 399.
\classnum@=\count276
\DOTSCASE@=\count277
LaTeX Info: Redefining \ldots on input line 496.
LaTeX Info: Redefining \dots on input line 499.
LaTeX Info: Redefining \cdots on input line 620.
\Mathstrutbox@=\box52
\strutbox@=\box53
\big@size=\dimen156
LaTeX Font Info:    Redeclaring font encoding OML on input line 743.
LaTeX Font Info:    Redeclaring font encoding OMS on input line 744.
\macc@depth=\count278
\c@MaxMatrixCols=\count279
\dotsspace@=\muskip17
\c@parentequation=\count280
\dspbrk@lvl=\count281
\tag@help=\toks23
\row@=\count282
\column@=\count283
\maxfields@=\count284
\andhelp@=\toks24
\eqnshift@=\dimen157
\alignsep@=\dimen158
\tagshift@=\dimen159
\tagwidth@=\dimen160
\totwidth@=\dimen161
\lineht@=\dimen162
\@envbody=\toks25
\multlinegap=\skip50
\multlinetaggap=\skip51
\mathdisplay@stack=\toks26
LaTeX Info: Redefining \[ on input line 2938.
LaTeX Info: Redefining \] on input line 2939.
)
(/usr/share/texlive/texmf-dist/tex/latex/booktabs/booktabs.sty
Package: booktabs 2020/01/12 v1.61803398 Publication quality tables
\heavyrulewidth=\dimen163
\lightrulewidth=\dimen164
\cmidrulewidth=\dimen165
\belowrulesep=\dimen166
\belowbottomsep=\dimen167
\aboverulesep=\dimen168
\abovetopsep=\dimen169
\cmidrulesep=\dimen170
\cmidrulekern=\dimen171
\defaultaddspace=\dimen172
\@cmidla=\count285
\@cmidlb=\count286
\@aboverulesep=\dimen173
\@belowrulesep=\dimen174
\@thisruleclass=\count287
\@lastruleclass=\count288
\@thisrulewidth=\dimen175
)
(/usr/share/texlive/texmf-dist/tex/latex/tools/tabularx.sty
Package: tabularx 2020/01/15 v2.11c `tabularx' package (DPC)

(/usr/share/texlive/texmf-dist/tex/latex/tools/array.sty
Package: array 2021/10/04 v2.5f Tabular extension package (FMi)
\col@sep=\dimen176
\ar@mcellbox=\box54
\extrarowheight=\dimen177
\NC@list=\toks27
\extratabsurround=\skip52
\backup@length=\skip53
\ar@cellbox=\box55
)
\TX@col@width=\dimen178
\TX@old@table=\dimen179
\TX@old@col=\dimen180
\TX@target=\dimen181
\TX@delta=\dimen182
\TX@cols=\count289
\TX@ftn=\toks28
)
(./stylefiles/mymathdefns.tex)
(/usr/share/texlive/texmf-dist/tex/latex/natbib/natbib.sty
Package: natbib 2010/09/13 8.31b (PWD, AO)
\bibhang=\skip54
\bibsep=\skip55
LaTeX Info: Redefining \cite on input line 694.
\c@NAT@ctr=\count290
)
(/usr/share/texlive/texmf-dist/tex/latex/hyperref/hyperref.sty
Package: hyperref 2021-06-07 v7.00m Hypertext links for LaTeX

(/usr/share/texlive/texmf-dist/tex/generic/ltxcmds/ltxcmds.sty
Package: ltxcmds 2020-05-10 v1.25 LaTeX kernel commands for general use (HO)
)
(/usr/share/texlive/texmf-dist/tex/generic/pdftexcmds/pdftexcmds.sty
Package: pdftexcmds 2020-06-27 v0.33 Utility functions of pdfTeX for LuaTeX (HO
)

(/usr/share/texlive/texmf-dist/tex/generic/infwarerr/infwarerr.sty
Package: infwarerr 2019/12/03 v1.5 Providing info/warning/error messages (HO)
)
Package pdftexcmds Info: \pdf@primitive is available.
Package pdftexcmds Info: \pdf@ifprimitive is available.
Package pdftexcmds Info: \pdfdraftmode found.
)
(/usr/share/texlive/texmf-dist/tex/generic/kvsetkeys/kvsetkeys.sty
Package: kvsetkeys 2019/12/15 v1.18 Key value parser (HO)
)
(/usr/share/texlive/texmf-dist/tex/generic/kvdefinekeys/kvdefinekeys.sty
Package: kvdefinekeys 2019-12-19 v1.6 Define keys (HO)
)
(/usr/share/texlive/texmf-dist/tex/generic/pdfescape/pdfescape.sty
Package: pdfescape 2019/12/09 v1.15 Implements pdfTeX's escape features (HO)
)
(/usr/share/texlive/texmf-dist/tex/latex/hycolor/hycolor.sty
Package: hycolor 2020-01-27 v1.10 Color options for hyperref/bookmark (HO)
)
(/usr/share/texlive/texmf-dist/tex/latex/letltxmacro/letltxmacro.sty
Package: letltxmacro 2019/12/03 v1.6 Let assignment for LaTeX macros (HO)
)
(/usr/share/texlive/texmf-dist/tex/latex/auxhook/auxhook.sty
Package: auxhook 2019-12-17 v1.6 Hooks for auxiliary files (HO)
)
(/usr/share/texlive/texmf-dist/tex/latex/kvoptions/kvoptions.sty
Package: kvoptions 2020-10-07 v3.14 Key value format for package options (HO)
)
\@linkdim=\dimen183
\Hy@linkcounter=\count291
\Hy@pagecounter=\count292

(/usr/share/texlive/texmf-dist/tex/latex/hyperref/pd1enc.def
File: pd1enc.def 2021-06-07 v7.00m Hyperref: PDFDocEncoding definition (HO)
Now handling font encoding PD1 ...
... no UTF-8 mapping file for font encoding PD1
)
(/usr/share/texlive/texmf-dist/tex/latex/hyperref/hyperref-langpatches.def
File: hyperref-langpatches.def 2021-06-07 v7.00m Hyperref: patches for babel la
nguages
)
(/usr/share/texlive/texmf-dist/tex/generic/intcalc/intcalc.sty
Package: intcalc 2019/12/15 v1.3 Expandable calculations with integers (HO)
)
(/usr/share/texlive/texmf-dist/tex/generic/etexcmds/etexcmds.sty
Package: etexcmds 2019/12/15 v1.7 Avoid name clashes with e-TeX commands (HO)
)
\Hy@SavedSpaceFactor=\count293

(/usr/share/texlive/texmf-dist/tex/latex/hyperref/puenc.def
File: puenc.def 2021-06-07 v7.00m Hyperref: PDF Unicode definition (HO)
Now handling font encoding PU ...
... no UTF-8 mapping file for font encoding PU
)
Package hyperref Info: Option `unicode' set `true' on input line 4073.
Package hyperref Info: Option `bookmarks' set `true' on input line 4073.
Package hyperref Info: Option `bookmarksnumbered' set `false' on input line 407
3.
Package hyperref Info: Option `bookmarksopen' set `false' on input line 4073.
Package hyperref Info: Option `breaklinks' set `true' on input line 4073.
Package hyperref Info: Option `colorlinks' set `true' on input line 4073.
Package hyperref Info: Hyper figures OFF on input line 4192.
Package hyperref Info: Link nesting OFF on input line 4197.
Package hyperref Info: Hyper index ON on input line 4200.
Package hyperref Info: Plain pages OFF on input line 4207.
Package hyperref Info: Backreferencing OFF on input line 4212.
Package hyperref Info: Implicit mode ON; LaTeX internals redefined.
Package hyperref Info: Bookmarks ON on input line 4445.
\c@Hy@tempcnt=\count294
LaTeX Info: Redefining \url on input line 4804.
\XeTeXLinkMargin=\dimen184

(/usr/share/texlive/texmf-dist/tex/generic/bitset/bitset.sty
Package: bitset 2019/12/09 v1.3 Handle bit-vector datatype (HO)

(/usr/share/texlive/texmf-dist/tex/generic/bigintcalc/bigintcalc.sty
Package: bigintcalc 2019/12/15 v1.5 Expandable calculations on big integers (HO
)
))
\Fld@menulength=\count295
\Field@Width=\dimen185
\Fld@charsize=\dimen186
Package hyperref Info: Hyper figures OFF on input line 6076.
Package hyperref Info: Link nesting OFF on input line 6081.
Package hyperref Info: Hyper index ON on input line 6084.
Package hyperref Info: backreferencing OFF on input line 6091.
Package hyperref Info: Link coloring ON on input line 6094.
Package hyperref Info: Link coloring with OCG OFF on input line 6101.
Package hyperref Info: PDF/A mode OFF on input line 6106.
LaTeX Info: Redefining \ref on input line 6146.
LaTeX Info: Redefining \pageref on input line 6150.

(/usr/share/texlive/texmf-dist/tex/latex/base/atbegshi-ltx.sty
Package: atbegshi-ltx 2021/01/10 v1.0c Emulation of the original atbegshi
package with kernel methods
)
\Hy@abspage=\count296
\c@Item=\count297
\c@Hfootnote=\count298
)
Package hyperref Info: Driver (autodetected): hpdftex.

(/usr/share/texlive/texmf-dist/tex/latex/hyperref/hpdftex.def
File: hpdftex.def 2021-06-07 v7.00m Hyperref driver for pdfTeX

(/usr/share/texlive/texmf-dist/tex/latex/base/atveryend-ltx.sty
Package: atveryend-ltx 2020/08/19 v1.0a Emulation of the original atveryend pac
kage
with kernel methods
)
\Fld@listcount=\count299
\c@bookmark@seq@number=\count300

(/usr/share/texlive/texmf-dist/tex/latex/rerunfilecheck/rerunfilecheck.sty
Package: rerunfilecheck 2019/12/05 v1.9 Rerun checks for auxiliary files (HO)

(/usr/share/texlive/texmf-dist/tex/generic/uniquecounter/uniquecounter.sty
Package: uniquecounter 2019/12/15 v1.4 Provide unlimited unique counter (HO)
)
Package uniquecounter Info: New unique counter `rerunfilecheck' on input line 2
86.
)
\Hy@SectionHShift=\skip56
)
(/usr/share/texlive/texmf-dist/tex/latex/tools/dcolumn.sty
Package: dcolumn 2014/10/28 v1.06 decimal alignment package (DPC)
)
(/usr/share/texlive/texmf-dist/tex/latex/placeins/placeins.sty
Package: placeins 2005/04/18  v 2.2
)
(/usr/share/texlive/texmf-dist/tex/latex/subfig/subfig.sty
Package: subfig 2005/06/28 ver: 1.3 subfig package

(/usr/share/texlive/texmf-dist/tex/latex/caption/caption.sty
Package: caption 2020/10/26 v3.5g Customizing captions (AR)

(/usr/share/texlive/texmf-dist/tex/latex/caption/caption3.sty
Package: caption3 2020/10/21 v2.2e caption3 kernel (AR)
\captionmargin=\dimen187
\captionmargin@=\dimen188
\captionwidth=\dimen189
\caption@tempdima=\dimen190
\caption@indent=\dimen191
\caption@parindent=\dimen192
\caption@hangindent=\dimen193
Package caption Info: Standard document class detected.
)
\c@caption@flags=\count301
\c@continuedfloat=\count302
Package caption Info: hyperref package is loaded.
Package caption Info: listings package is loaded.
)
\c@KVtest=\count303
\sf@farskip=\skip57
\sf@captopadj=\dimen194
\sf@capskip=\skip58
\sf@nearskip=\skip59
\c@subfigure=\count304
\c@subfigure@save=\count305
\c@lofdepth=\count306
\c@subtable=\count307
\c@subtable@save=\count308
\c@lotdepth=\count309
\sf@top=\skip60
\sf@bottom=\skip61
)
(/usr/share/texlive/texmf-dist/tex/latex/l3backend/l3backend-pdftex.def
File: l3backend-pdftex.def 2022-01-12 L3 backend support: PDF output (pdfTeX)
\l__color_backend_stack_int=\count310
\l__pdf_internal_box=\box56
)
(./thesis-ku.aux (./Chapter1/C1.aux) (./Chapter4/C4.aux))
\openout1 = `thesis-ku.aux'.

LaTeX Font Info:    Checking defaults for OML/cmm/m/it on input line 133.
LaTeX Font Info:    ... okay on input line 133.
LaTeX Font Info:    Checking defaults for OMS/cmsy/m/n on input line 133.
LaTeX Font Info:    ... okay on input line 133.
LaTeX Font Info:    Checking defaults for OT1/cmr/m/n on input line 133.
LaTeX Font Info:    ... okay on input line 133.
LaTeX Font Info:    Checking defaults for T1/cmr/m/n on input line 133.
LaTeX Font Info:    ... okay on input line 133.
LaTeX Font Info:    Checking defaults for TS1/cmr/m/n on input line 133.
LaTeX Font Info:    ... okay on input line 133.
LaTeX Font Info:    Checking defaults for OMX/cmex/m/n on input line 133.
LaTeX Font Info:    ... okay on input line 133.
LaTeX Font Info:    Checking defaults for U/cmr/m/n on input line 133.
LaTeX Font Info:    ... okay on input line 133.
LaTeX Font Info:    Checking defaults for PD1/pdf/m/n on input line 133.
LaTeX Font Info:    ... okay on input line 133.
LaTeX Font Info:    Checking defaults for PU/pdf/m/n on input line 133.
LaTeX Font Info:    ... okay on input line 133.

*geometry* driver: auto-detecting
*geometry* detected driver: pdftex
*geometry* verbose mode - [ preamble ] result:
* driver: pdftex
* paper: letterpaper
* layout: <same size as paper>
* layoutoffset:(h,v)=(0.0pt,0.0pt)
* modes: 
* h-part:(L,W,R)=(72.26999pt, 469.75502pt, 72.26999pt)
* v-part:(T,H,B)=(72.26999pt, 650.43001pt, 72.26999pt)
* \paperwidth=614.295pt
* \paperheight=794.96999pt
* \textwidth=469.75502pt
* \textheight=650.43001pt
* \oddsidemargin=0.0pt
* \evensidemargin=0.0pt
* \topmargin=-37.0pt
* \headheight=12.0pt
* \headsep=25.0pt
* \topskip=12.0pt
* \footskip=30.0pt
* \marginparwidth=44.0pt
* \marginparsep=10.0pt
* \columnsep=10.0pt
* \skip\footins=10.8pt plus 4.0pt minus 2.0pt
* \hoffset=0.0pt
* \voffset=0.0pt
* \mag=1000
* \@twocolumnfalse
* \@twosidefalse
* \@mparswitchfalse
* \@reversemarginfalse
* (1in=72.27pt=25.4mm, 1cm=28.453pt)

\c@lstlisting=\count311
(/usr/share/texlive/texmf-dist/tex/context/base/mkii/supp-pdf.mkii
[Loading MPS to PDF converter (version 2006.09.02).]
\scratchcounter=\count312
\scratchdimen=\dimen195
\scratchbox=\box57
\nofMPsegments=\count313
\nofMParguments=\count314
\everyMPshowfont=\toks29
\MPscratchCnt=\count315
\MPscratchDim=\dimen196
\MPnumerator=\count316
\makeMPintoPDFobject=\count317
\everyMPtoPDFconversion=\toks30
) (/usr/share/texlive/texmf-dist/tex/latex/epstopdf-pkg/epstopdf-base.sty
Package: epstopdf-base 2020-01-24 v2.11 Base part for package epstopdf
Package epstopdf-base Info: Redefining graphics rule for `.eps' on input line 4
85.

(/usr/share/texlive/texmf-dist/tex/latex/latexconfig/epstopdf-sys.cfg
File: epstopdf-sys.cfg 2010/07/13 v1.3 Configuration of (r)epstopdf for TeX Liv
e
))
Package hyperref Info: Link coloring ON on input line 133.

(/usr/share/texlive/texmf-dist/tex/latex/hyperref/nameref.sty
Package: nameref 2021-04-02 v2.47 Cross-referencing by name of section

(/usr/share/texlive/texmf-dist/tex/latex/refcount/refcount.sty
Package: refcount 2019/12/15 v3.6 Data extraction from label references (HO)
)
(/usr/share/texlive/texmf-dist/tex/generic/gettitlestring/gettitlestring.sty
Package: gettitlestring 2019/12/15 v1.6 Cleanup title references (HO)
)
\c@section@level=\count318
)
LaTeX Info: Redefining \ref on input line 133.
LaTeX Info: Redefining \pageref on input line 133.
LaTeX Info: Redefining \nameref on input line 133.

(./thesis-ku.out) (./thesis-ku.out)
\@outlinefile=\write3
\openout3 = `thesis-ku.out'.

Package caption Info: Begin \AtBeginDocument code.
Package caption Info: subfig package v1.3 is loaded.
Package caption Info: End \AtBeginDocument code.
LaTeX Font Info:    Trying to load font information for U+msa on input line 137
.

(/usr/share/texlive/texmf-dist/tex/latex/amsfonts/umsa.fd
File: umsa.fd 2013/01/14 v3.01 AMS symbols A
)
LaTeX Font Info:    Trying to load font information for U+msb on input line 137
.

(/usr/share/texlive/texmf-dist/tex/latex/amsfonts/umsb.fd
File: umsb.fd 2013/01/14 v3.01 AMS symbols B
) [1



{/var/lib/texmf/fonts/map/pdftex/updmap/pdftex.map}]
Underfull \hbox (badness 10000) in paragraph at lines 137--137

 []

[2] [3

] [4

] (./thesis-ku.toc)
\tf@toc=\write4
\openout4 = `thesis-ku.toc'.

 [5

] (./thesis-ku.lof)
\tf@lof=\write5
\openout5 = `thesis-ku.lof'.

 [6

] [7] (./thesis-ku.lot)
\tf@lot=\write6
\openout6 = `thesis-ku.lot'.


[8

]
\openout2 = `Chapter1/C1.aux'.

 (./Chapter1/C1.tex
Chapter 1.
<fig/Intro_figs/Standard_Model_of_Elementary_Particles.png, id=161, 629.35126pt
 x 602.25pt>
File: fig/Intro_figs/Standard_Model_of_Elementary_Particles.png Graphic file (t
ype png)
<use fig/Intro_figs/Standard_Model_of_Elementary_Particles.png>
Package pdftex.def Info: fig/Intro_figs/Standard_Model_of_Elementary_Particles.
png  used on input line 36.
(pdftex.def)             Requested size: 234.8775pt x 224.75882pt.
[1



] [2 <./fig/Intro_figs/Standard_Model_of_Elementary_Particles.png>]) [3]
\openout2 = `Chapter4/C4.aux'.


(./Chapter4/C4.tex
Chapter 2.
LaTeX Font Info:    Trying to load font information for T1+lmtt on input line 8
3.
(/usr/share/texmf/tex/latex/lm/t1lmtt.fd
File: t1lmtt.fd 2009/10/30 v1.6 Font defs for Latin Modern
) [4




] [5]
<fig/Lep_Obj_plots/PassingProbes_Med16_lowpt.png, id=196, 881.2925pt x 485.815p
t>
File: fig/Lep_Obj_plots/PassingProbes_Med16_lowpt.png Graphic file (type png)
<use fig/Lep_Obj_plots/PassingProbes_Med16_lowpt.png>
Package pdftex.def Info: fig/Lep_Obj_plots/PassingProbes_Med16_lowpt.png  used 
on input line 95.
(pdftex.def)             Requested size: 187.89914pt x 103.58087pt.
<fig/Lep_Obj_plots/FailingProbes_Med16_lowpt.png, id=197, 883.3pt x 509.905pt>
File: fig/Lep_Obj_plots/FailingProbes_Med16_lowpt.png Graphic file (type png)
<use fig/Lep_Obj_plots/FailingProbes_Med16_lowpt.png>
Package pdftex.def Info: fig/Lep_Obj_plots/FailingProbes_Med16_lowpt.png  used 
on input line 95.
(pdftex.def)             Requested size: 187.89914pt x 108.46814pt.
<fig/Lep_Obj_plots/AllProbes_Med16_lowpt.png, id=198, 851.18pt x 484.81125pt>
File: fig/Lep_Obj_plots/AllProbes_Med16_lowpt.png Graphic file (type png)
<use fig/Lep_Obj_plots/AllProbes_Med16_lowpt.png>
Package pdftex.def Info: fig/Lep_Obj_plots/AllProbes_Med16_lowpt.png  used on i
nput line 95.
(pdftex.def)             Requested size: 187.89914pt x 107.02129pt.


Package natbib Warning: Citation `?' on page 6 undefined on input line 108.

[6 <./fig/Lep_Obj_plots/PassingProbes_Med16_lowpt.png> <./fig/Lep_Obj_plots/Fai
lingProbes_Med16_lowpt.png> <./fig/Lep_Obj_plots/AllProbes_Med16_lowpt.png>]
[7] [8]
<fig/Lep_Obj_plots/gold_ele_TTJets_Fall17.pdf, id=236, 569.12625pt x 408.52625p
t>
File: fig/Lep_Obj_plots/gold_ele_TTJets_Fall17.pdf Graphic file (type pdf)
<use fig/Lep_Obj_plots/gold_ele_TTJets_Fall17.pdf>
Package pdftex.def Info: fig/Lep_Obj_plots/gold_ele_TTJets_Fall17.pdf  used on 
input line 171.
(pdftex.def)             Requested size: 187.89914pt x 134.8764pt.
<fig/Lep_Obj_plots/silver_ele_TTJets_Fall17.pdf, id=237, 569.12625pt x 408.5262
5pt>
File: fig/Lep_Obj_plots/silver_ele_TTJets_Fall17.pdf Graphic file (type pdf)
<use fig/Lep_Obj_plots/silver_ele_TTJets_Fall17.pdf>
Package pdftex.def Info: fig/Lep_Obj_plots/silver_ele_TTJets_Fall17.pdf  used o
n input line 171.
(pdftex.def)             Requested size: 187.89914pt x 134.8764pt.
<fig/Lep_Obj_plots/bronze_ele_TTJets_Fall17.pdf, id=238, 569.12625pt x 408.5262
5pt>
File: fig/Lep_Obj_plots/bronze_ele_TTJets_Fall17.pdf Graphic file (type pdf)
<use fig/Lep_Obj_plots/bronze_ele_TTJets_Fall17.pdf>
Package pdftex.def Info: fig/Lep_Obj_plots/bronze_ele_TTJets_Fall17.pdf  used o
n input line 171.
(pdftex.def)             Requested size: 187.89914pt x 134.8764pt.
<fig/Lep_Obj_plots/sigEff_ele_TTJets_Fall17.pdf, id=239, 569.12625pt x 408.5262
5pt>
File: fig/Lep_Obj_plots/sigEff_ele_TTJets_Fall17.pdf Graphic file (type pdf)
<use fig/Lep_Obj_plots/sigEff_ele_TTJets_Fall17.pdf>
Package pdftex.def Info: fig/Lep_Obj_plots/sigEff_ele_TTJets_Fall17.pdf  used o
n input line 173.
(pdftex.def)             Requested size: 234.8775pt x 168.60019pt.
 [9 <./fig/Lep_Obj_plots/gold_ele_TTJets_Fall17.pdf, page is rotated 90 degrees
> <./fig/Lep_Obj_plots/silver_ele_TTJets_Fall17.pdf, page is rotated 90 degrees
> <./fig/Lep_Obj_plots/bronze_ele_TTJets_Fall17.pdf, page is rotated 90 degrees
>]
Overfull \hbox (59.08316pt too wide) in paragraph at lines 185--198
[][] 
 []


Underfull \hbox (badness 10000) in paragraph at lines 203--204

 []

[10 <./fig/Lep_Obj_plots/sigEff_ele_TTJets_Fall17.pdf, page is rotated 90 degre
es>]
Overfull \hbox (54.23805pt too wide) in paragraph at lines 208--220
[][] 
 []

[11]
<fig/Lep_Obj_plots/h_2017_1_eleff.pdf, id=449, 569.12625pt x 546.04pt>
File: fig/Lep_Obj_plots/h_2017_1_eleff.pdf Graphic file (type pdf)
<use fig/Lep_Obj_plots/h_2017_1_eleff.pdf>
Package pdftex.def Info: fig/Lep_Obj_plots/h_2017_1_eleff.pdf  used on input li
ne 238.
(pdftex.def)             Requested size: 187.89914pt x 180.27707pt.
<fig/Lep_Obj_plots/h_2017_2_eleff.pdf, id=450, 569.12625pt x 546.04pt>
File: fig/Lep_Obj_plots/h_2017_2_eleff.pdf Graphic file (type pdf)
<use fig/Lep_Obj_plots/h_2017_2_eleff.pdf>
Package pdftex.def Info: fig/Lep_Obj_plots/h_2017_2_eleff.pdf  used on input li
ne 238.
(pdftex.def)             Requested size: 187.89914pt x 180.27707pt.
<fig/Lep_Obj_plots/h_2017_3_eleff.pdf, id=451, 569.12625pt x 546.04pt>
File: fig/Lep_Obj_plots/h_2017_3_eleff.pdf Graphic file (type pdf)
<use fig/Lep_Obj_plots/h_2017_3_eleff.pdf>
Package pdftex.def Info: fig/Lep_Obj_plots/h_2017_3_eleff.pdf  used on input li
ne 238.
(pdftex.def)             Requested size: 187.89914pt x 180.27707pt.
<fig/Lep_Obj_plots/h_2017_0_el.pdf, id=452, 569.12625pt x 546.04pt>
File: fig/Lep_Obj_plots/h_2017_0_el.pdf Graphic file (type pdf)
<use fig/Lep_Obj_plots/h_2017_0_el.pdf>
Package pdftex.def Info: fig/Lep_Obj_plots/h_2017_0_el.pdf  used on input line 
243.
(pdftex.def)             Requested size: 234.8775pt x 225.35258pt.
<fig/Lep_Obj_plots/h_2017_1_el.pdf, id=453, 569.12625pt x 546.04pt>
File: fig/Lep_Obj_plots/h_2017_1_el.pdf Graphic file (type pdf)
<use fig/Lep_Obj_plots/h_2017_1_el.pdf>
Package pdftex.def Info: fig/Lep_Obj_plots/h_2017_1_el.pdf  used on input line 
243.
(pdftex.def)             Requested size: 234.8775pt x 225.35258pt.
<fig/Lep_Obj_plots/h_2017_2_el.pdf, id=454, 569.12625pt x 546.04pt>
File: fig/Lep_Obj_plots/h_2017_2_el.pdf Graphic file (type pdf)
<use fig/Lep_Obj_plots/h_2017_2_el.pdf>
Package pdftex.def Info: fig/Lep_Obj_plots/h_2017_2_el.pdf  used on input line 
243.
(pdftex.def)             Requested size: 234.8775pt x 225.35258pt.
<fig/Lep_Obj_plots/h_2017_3_el.pdf, id=455, 569.12625pt x 546.04pt>
File: fig/Lep_Obj_plots/h_2017_3_el.pdf Graphic file (type pdf)
<use fig/Lep_Obj_plots/h_2017_3_el.pdf>
Package pdftex.def Info: fig/Lep_Obj_plots/h_2017_3_el.pdf  used on input line 
243.
(pdftex.def)             Requested size: 234.8775pt x 225.35258pt.
 [12 <./fig/Lep_Obj_plots/h_2017_1_eleff.pdf, page is rotated 90 degrees> <./fi
g/Lep_Obj_plots/h_2017_2_eleff.pdf, page is rotated 90 degrees> <./fig/Lep_Obj_
plots/h_2017_3_eleff.pdf, page is rotated 90 degrees>] [13 <./fig/Lep_Obj_plots
/h_2017_0_el.pdf, page is rotated 90 degrees> <./fig/Lep_Obj_plots/h_2017_1_el.
pdf, page is rotated 90 degrees> <./fig/Lep_Obj_plots/h_2017_2_el.pdf, page is 
rotated 90 degrees> <./fig/Lep_Obj_plots/h_2017_3_el.pdf, page is rotated 90 de
grees>]
Overfull \hbox (62.27217pt too wide) in paragraph at lines 253--266
[][] 
 []


Underfull \hbox (badness 10000) in paragraph at lines 307--308

 []


Overfull \hbox (53.0294pt too wide) in paragraph at lines 311--331
[][] 
 []


Underfull \hbox (badness 10000) in paragraph at lines 332--333

 []

[14] [15]
<fig/Lep_Obj_plots/canvas0J2017b.pdf, id=807, 569.12625pt x 543.02875pt>
File: fig/Lep_Obj_plots/canvas0J2017b.pdf Graphic file (type pdf)
<use fig/Lep_Obj_plots/canvas0J2017b.pdf>
Package pdftex.def Info: fig/Lep_Obj_plots/canvas0J2017b.pdf  used on input lin
e 384.
(pdftex.def)             Requested size: 234.8775pt x 224.10983pt.
<fig/Lep_Obj_plots/canvas1J2017e.pdf, id=808, 569.12625pt x 543.02875pt>
File: fig/Lep_Obj_plots/canvas1J2017e.pdf Graphic file (type pdf)
<use fig/Lep_Obj_plots/canvas1J2017e.pdf>
Package pdftex.def Info: fig/Lep_Obj_plots/canvas1J2017e.pdf  used on input lin
e 384.
(pdftex.def)             Requested size: 234.8775pt x 224.10983pt.
<fig/Lep_Obj_plots/canvas0Z2017b.pdf, id=809, 569.12625pt x 543.02875pt>
File: fig/Lep_Obj_plots/canvas0Z2017b.pdf Graphic file (type pdf)
<use fig/Lep_Obj_plots/canvas0Z2017b.pdf>
Package pdftex.def Info: fig/Lep_Obj_plots/canvas0Z2017b.pdf  used on input lin
e 384.
(pdftex.def)             Requested size: 234.8775pt x 224.10983pt.
<fig/Lep_Obj_plots/canvas1Z2017e.pdf, id=810, 569.12625pt x 543.02875pt>
File: fig/Lep_Obj_plots/canvas1Z2017e.pdf Graphic file (type pdf)
<use fig/Lep_Obj_plots/canvas1Z2017e.pdf>
Package pdftex.def Info: fig/Lep_Obj_plots/canvas1Z2017e.pdf  used on input lin
e 384.
(pdftex.def)             Requested size: 234.8775pt x 224.10983pt.
<fig/Lep_Obj_plots/effFit_2.pdf, id=811, 569.12625pt x 546.04pt>
File: fig/Lep_Obj_plots/effFit_2.pdf Graphic file (type pdf)
<use fig/Lep_Obj_plots/effFit_2.pdf>
Package pdftex.def Info: fig/Lep_Obj_plots/effFit_2.pdf  used on input line 387
.
(pdftex.def)             Requested size: 234.8775pt x 225.35258pt.
<fig/Lep_Obj_plots/effFit_5.pdf, id=812, 569.12625pt x 546.04pt>
File: fig/Lep_Obj_plots/effFit_5.pdf Graphic file (type pdf)
<use fig/Lep_Obj_plots/effFit_5.pdf>
Package pdftex.def Info: fig/Lep_Obj_plots/effFit_5.pdf  used on input line 387
.
(pdftex.def)             Requested size: 234.8775pt x 225.35258pt.
<fig/Lep_Obj_plots/h_2017_1_mu.pdf, id=813, 569.12625pt x 546.04pt>
File: fig/Lep_Obj_plots/h_2017_1_mu.pdf Graphic file (type pdf)
<use fig/Lep_Obj_plots/h_2017_1_mu.pdf>
Package pdftex.def Info: fig/Lep_Obj_plots/h_2017_1_mu.pdf  used on input line 
393.
(pdftex.def)             Requested size: 234.8775pt x 225.35258pt.
<fig/Lep_Obj_plots/h_2017_2_mu.pdf, id=814, 569.12625pt x 546.04pt>
File: fig/Lep_Obj_plots/h_2017_2_mu.pdf Graphic file (type pdf)
<use fig/Lep_Obj_plots/h_2017_2_mu.pdf>
Package pdftex.def Info: fig/Lep_Obj_plots/h_2017_2_mu.pdf  used on input line 
393.
(pdftex.def)             Requested size: 234.8775pt x 225.35258pt.
<fig/Lep_Obj_plots/h_2017_3_mu.pdf, id=815, 569.12625pt x 546.04pt>
File: fig/Lep_Obj_plots/h_2017_3_mu.pdf Graphic file (type pdf)
<use fig/Lep_Obj_plots/h_2017_3_mu.pdf>
Package pdftex.def Info: fig/Lep_Obj_plots/h_2017_3_mu.pdf  used on input line 
393.
(pdftex.def)             Requested size: 234.8775pt x 225.35258pt.
<fig/Lep_Obj_plots/h_2017_0_mu.pdf, id=816, 569.12625pt x 546.04pt>
File: fig/Lep_Obj_plots/h_2017_0_mu.pdf Graphic file (type pdf)
<use fig/Lep_Obj_plots/h_2017_0_mu.pdf>
Package pdftex.def Info: fig/Lep_Obj_plots/h_2017_0_mu.pdf  used on input line 
393.
(pdftex.def)             Requested size: 234.8775pt x 225.35258pt.
 [16] [17 <./fig/Lep_Obj_plots/canvas0J2017b.pdf, page is rotated 90 degrees> <
./fig/Lep_Obj_plots/canvas1J2017e.pdf, page is rotated 90 degrees> <./fig/Lep_O
bj_plots/canvas0Z2017b.pdf, page is rotated 90 degrees> <./fig/Lep_Obj_plots/ca
nvas1Z2017e.pdf, page is rotated 90 degrees>] [18 <./fig/Lep_Obj_plots/effFit_2
.pdf, page is rotated 90 degrees> <./fig/Lep_Obj_plots/effFit_5.pdf, page is ro
tated 90 degrees>] [19 <./fig/Lep_Obj_plots/h_2017_1_mu.pdf, page is rotated 90
 degrees> <./fig/Lep_Obj_plots/h_2017_2_mu.pdf, page is rotated 90 degrees> <./
fig/Lep_Obj_plots/h_2017_3_mu.pdf, page is rotated 90 degrees> <./fig/Lep_Obj_p
lots/h_2017_0_mu.pdf, page is rotated 90 degrees>]
<fig/Lep_Obj_plots/muons_lowpt_syst.png, id=1272, 1775.63374pt x 499.8675pt>
File: fig/Lep_Obj_plots/muons_lowpt_syst.png Graphic file (type png)
<use fig/Lep_Obj_plots/muons_lowpt_syst.png>
Package pdftex.def Info: fig/Lep_Obj_plots/muons_lowpt_syst.png  used on input 
line 402.
(pdftex.def)             Requested size: 352.31625pt x 99.17848pt.
<fig/Lep_Obj_plots/muons_highpt_syst.png, id=1273, 1806.75pt x 494.84875pt>
File: fig/Lep_Obj_plots/muons_highpt_syst.png Graphic file (type png)
<use fig/Lep_Obj_plots/muons_highpt_syst.png>
Package pdftex.def Info: fig/Lep_Obj_plots/muons_highpt_syst.png  used on input
 line 402.
(pdftex.def)             Requested size: 352.31625pt x 96.49133pt.
 [20

 <./fig/Lep_Obj_plots/muons_lowpt_syst.png> <./fig/Lep_Obj_plots/muons_highpt_s
yst.png>]
<fig/Lep_Obj_plots/2017data_medID_msyst.pdf, id=1282, 569.12625pt x 543.02875pt
>
File: fig/Lep_Obj_plots/2017data_medID_msyst.pdf Graphic file (type pdf)
<use fig/Lep_Obj_plots/2017data_medID_msyst.pdf>
Package pdftex.def Info: fig/Lep_Obj_plots/2017data_medID_msyst.pdf  used on in
put line 408.
(pdftex.def)             Requested size: 234.8775pt x 224.10983pt.
)
[21 <./fig/Lep_Obj_plots/2017data_medID_msyst.pdf, page is rotated 90 degrees>]
[22] (./thesis-ku.bbl
Underfull \hbox (badness 10000) in paragraph at lines 17--21
\T1/lmtt/m/n/12 contributions / 1769745 / attachments / 710701 / 975626 / muoni
d-[]pog081214 . pdf$[][]\T1/cmr/m/n/12 .
 []


Underfull \hbox (badness 10000) in paragraph at lines 35--39
\T1/lmtt/m/n/12 368826 / contributions / 871862 / attachments / 733500 / 100639
7 / 20150127 _ ald _
 []

[23



]
Underfull \hbox (badness 3375) in paragraph at lines 56--60
[]\T1/cmr/m/n/12 Tag-and-probe an-a-lyzer.  [][]$\T1/lmtt/m/n/12 https : / / tw
iki . cern . ch / twiki / bin / view / CMSPublic /
 []

)

Package natbib Warning: There were undefined citations.

[24] (./thesis-ku.aux (./Chapter1/C1.aux) (./Chapter4/C4.aux))

LaTeX Warning: Label(s) may have changed. Rerun to get cross-references right.

Package rerunfilecheck Info: File `thesis-ku.out' has not changed.
(rerunfilecheck)             Checksum: 8709B2D834E45AC24D44A18F5C59AE27;1703.
 ) 
Here is how much of TeX's memory you used:
 15529 strings out of 478287
 248371 string characters out of 5849289
 566289 words of memory out of 5000000
 33369 multiletter control sequences out of 15000+600000
 484688 words of font info for 68 fonts, out of 8000000 for 9000
 1141 hyphenation exceptions out of 8191
 70i,18n,79p,3360b,481s stack positions out of 5000i,500n,10000p,200000b,80000s
{/usr/share/texmf/fonts/enc/dvips/cm-super/cm-super-t1.enc}{/usr/share/texmf/
fonts/enc/dvips/lm/lm-ec.enc}{/usr/share/texmf/fonts/enc/dvips/cm-super/cm-supe
r-ts1.enc}</usr/share/texlive/texmf-dist/fonts/type1/public/amsfonts/cm/cmex10.
pfb></usr/share/texlive/texmf-dist/fonts/type1/public/amsfonts/cm/cmmi10.pfb></
usr/share/texlive/texmf-dist/fonts/type1/public/amsfonts/cm/cmmi12.pfb></usr/sh
are/texlive/texmf-dist/fonts/type1/public/amsfonts/cm/cmmi6.pfb></usr/share/tex
live/texmf-dist/fonts/type1/public/amsfonts/cm/cmmi8.pfb></usr/share/texlive/te
xmf-dist/fonts/type1/public/amsfonts/cm/cmr10.pfb></usr/share/texlive/texmf-dis
t/fonts/type1/public/amsfonts/cm/cmr12.pfb></usr/share/texlive/texmf-dist/fonts
/type1/public/amsfonts/cm/cmr6.pfb></usr/share/texlive/texmf-dist/fonts/type1/p
ublic/amsfonts/cm/cmr8.pfb></usr/share/texlive/texmf-dist/fonts/type1/public/am
sfonts/cm/cmsy10.pfb></usr/share/texlive/texmf-dist/fonts/type1/public/amsfonts
/cm/cmsy8.pfb></usr/share/texmf/fonts/type1/public/lm/lmtt12.pfb></usr/share/te
xmf/fonts/type1/public/lm/lmtt8.pfb></usr/share/texlive/texmf-dist/fonts/type1/
public/amsfonts/symbols/msam10.pfb></usr/share/texmf/fonts/type1/public/cm-supe
r/sfbx1200.pfb></usr/share/texmf/fonts/type1/public/cm-super/sfbx1440.pfb></usr
/share/texmf/fonts/type1/public/cm-super/sfbx1728.pfb></usr/share/texmf/fonts/t
ype1/public/cm-super/sfrm0800.pfb></usr/share/texmf/fonts/type1/public/cm-super
/sfrm1095.pfb></usr/share/texmf/fonts/type1/public/cm-super/sfrm1200.pfb></usr/
share/texmf/fonts/type1/public/cm-super/sfrm1728.pfb></usr/share/texmf/fonts/ty
pe1/public/cm-super/sfti1200.pfb>
Output written on thesis-ku.pdf (32 pages, 1041725 bytes).
PDF statistics:
 1483 PDF objects out of 1728 (max. 8388607)
 809 compressed objects within 9 object streams
 85 named destinations out of 1000 (max. 500000)
 221 words of extra memory for PDF output out of 10000 (max. 10000000)

