\BOOKMARK [0][-]{chapter.1}{\376\377\000T\000h\000e\000\040\000S\000t\000a\000n\000d\000a\000r\000d\000\040\000M\000o\000d\000e\000l\000\040\000a\000n\000d\000\040\000S\000u\000p\000e\000r\000s\000y\000m\000m\000e\000t\000r\000y}{}% 1
\BOOKMARK [1][-]{section.1.1}{\376\377\000I\000n\000t\000r\000o\000d\000u\000c\000t\000i\000o\000n}{chapter.1}% 2
\BOOKMARK [1][-]{section.1.2}{\376\377\000T\000h\000e\000\040\000S\000t\000a\000n\000d\000a\000r\000d\000\040\000M\000o\000d\000e\000l}{chapter.1}% 3
\BOOKMARK [1][-]{section.1.3}{\376\377\000S\000u\000p\000e\000r\000s\000y\000m\000m\000e\000t\000r\000y}{chapter.1}% 4
\BOOKMARK [0][-]{chapter.2}{\376\377\000M\000o\000t\000i\000v\000a\000t\000i\000n\000g\000\040\000t\000h\000e\000\040\000S\000e\000a\000r\000c\000h\000\040\000f\000o\000r\000\040\000S\000U\000S\000Y}{}% 5
\BOOKMARK [1][-]{section.2.1}{\376\377\000I\000n\000t\000r\000o\000d\000u\000c\000t\000i\000o\000n}{chapter.2}% 6
\BOOKMARK [2][-]{subsection.2.1.1}{\376\377\000S\000t\000a\000b\000i\000l\000i\000z\000i\000n\000g\000\040\000t\000h\000e\000\040\000H\000i\000g\000g\000s\000\040\000m\000a\000s\000s}{section.2.1}% 7
\BOOKMARK [2][-]{subsection.2.1.2}{\376\377\000T\000h\000e\000\040\000M\000u\000o\000n\000\040\000A\000n\000o\000m\000a\000l\000o\000u\000s\000\040\000M\000a\000g\000n\000e\000t\000i\000c\000\040\000M\000o\000m\000e\000n\000t}{section.2.1}% 8
\BOOKMARK [2][-]{subsection.2.1.3}{\376\377\000W\000\040\000m\000a\000s\000s\000\040\000m\000e\000a\000s\000u\000s\000r\000e\000m\000n\000t}{section.2.1}% 9
\BOOKMARK [1][-]{section.2.2}{\376\377\000T\000h\000e\000\040\000c\000u\000r\000r\000e\000n\000t\000\040\000s\000t\000a\000t\000u\000s\000\040\000o\000f\000\040\000S\000U\000S\000Y}{chapter.2}% 10
\BOOKMARK [0][-]{chapter.3}{\376\377\000T\000h\000e\000\040\000C\000M\000S\000\040\000e\000x\000p\000e\000r\000i\000m\000e\000n\000t}{}% 11
\BOOKMARK [1][-]{section.3.1}{\376\377\000I\000n\000t\000r\000o\000d\000u\000c\000t\000i\000o\000n}{chapter.3}% 12
\BOOKMARK [1][-]{section.3.2}{\376\377\000T\000h\000e\000\040\000L\000a\000r\000g\000e\000\040\000H\000a\000d\000r\000o\000n\000\040\000C\000o\000l\000l\000i\000d\000e\000r}{chapter.3}% 13
\BOOKMARK [1][-]{section.3.3}{\376\377\000T\000h\000e\000\040\000C\000M\000S\000\040\000D\000e\000t\000e\000c\000t\000o\000r}{chapter.3}% 14
\BOOKMARK [1][-]{section.3.4}{\376\377\000T\000h\000e\000\040\000A\000n\000a\000t\000o\000m\000y\000\040\000o\000f\000\040\000a\000\040\000p\000h\000y\000s\000i\000c\000s\000\040\000e\000v\000e\000n\000t}{chapter.3}% 15
\BOOKMARK [0][-]{chapter.4}{\376\377\000T\000h\000e\000\040\000T\000a\000g\000-\000a\000n\000d\000-\000P\000r\000o\000b\000e}{}% 16
\BOOKMARK [1][-]{section.4.1}{\376\377\000I\000n\000t\000r\000o\000d\000u\000c\000t\000i\000o\000n\000\040\000a\000n\000d\000\040\000M\000e\000t\000h\000o\000d\000o\000l\000o\000g\000y}{chapter.4}% 17
\BOOKMARK [1][-]{section.4.2}{\376\377\000L\000e\000p\000t\000o\000n\000\040\000O\000b\000j\000e\000c\000t\000\040\000D\000e\000f\000i\000n\000i\000t\000i\000o\000n\000s}{chapter.4}% 18
\BOOKMARK [1][-]{section.4.3}{\376\377\000E\000l\000e\000c\000t\000r\000o\000n\000\040\000T\000a\000g\000-\000a\000n\000d\000-\000P\000r\000o\000b\000e\000\040}{chapter.4}% 19
\BOOKMARK [1][-]{section.4.4}{\376\377\000M\000u\000o\000n\000\040\000T\000a\000g\000-\000a\000n\000d\000-\000P\000r\000o\000b\000e}{chapter.4}% 20
\BOOKMARK [1][-]{section.4.5}{\376\377\000L\000e\000p\000t\000o\000n\000\040\000S\000y\000s\000t\000e\000m\000a\000t\000i\000c\000s\000\040\000a\000n\000d\000\040\000S\000c\000a\000l\000e\000\040\000F\000a\000c\000t\000o\000r\000s}{chapter.4}% 21
